android/app/build/intermediates/manifest_merge_blame_file/debug/manifest-merger-blame-debug-report.txt
1<?xml version="1.0" encoding="utf-8"?>
2<manifest xmlns:android="http://schemas.android.com/apk/res/android"
3    package="com.example.agitha"
4    android:versionCode="1"
5    android:versionName="1.0.0" >
6
7    <uses-sdk
8        android:minSdkVersion="21"
9        android:targetSdkVersion="34" />
10    <!--
11         The INTERNET permission is required for development. Specifically,
12         the Flutter tool needs it to communicate with the running application
13         to allow setting breakpoints, to provide hot reload, etc.
14    -->
15    <uses-permission android:name="android.permission.INTERNET" />
15-->src\debug\AndroidManifest.xml:6:5-66
15-->src\debug\AndroidManifest.xml:6:22-64
16    <!--
17     Required to query activities that can process text, see:
18         https://developer.android.com/training/package-visibility?hl=en and
19         https://developer.android.com/reference/android/content/Intent#ACTION_PROCESS_TEXT.
20
21         In particular, this is used by the Flutter engine in io.flutter.plugin.text.ProcessTextPlugin.
22    -->
23    <queries>
23-->src\main\AndroidManifest.xml:38:5-43:15
24        <intent>
24-->src\main\AndroidManifest.xml:39:9-42:18
25            <action android:name="android.intent.action.PROCESS_TEXT" />
25-->src\main\AndroidManifest.xml:40:13-72
25-->src\main\AndroidManifest.xml:40:21-70
26
27            <data android:mimeType="text/plain" />
27-->src\main\AndroidManifest.xml:41:13-50
27-->src\main\AndroidManifest.xml:41:19-48
28        </intent>
29        <intent>
29-->[:file_picker] AndroidManifest.xml:14:9-18:18
30            <action android:name="android.intent.action.GET_CONTENT" />
30-->[:file_picker] AndroidManifest.xml:15:13-72
30-->[:file_picker] AndroidManifest.xml:15:21-69
31
32            <data android:mimeType="*/*" />
32-->src\main\AndroidManifest.xml:41:13-50
32-->src\main\AndroidManifest.xml:41:19-48
33        </intent>
34    </queries>
35
36    <uses-permission
36-->[:file_picker] AndroidManifest.xml:9:5-11:38
37        android:name="android.permission.READ_EXTERNAL_STORAGE"
37-->[:file_picker] AndroidManifest.xml:10:9-64
38        android:maxSdkVersion="32" />
38-->[:file_picker] AndroidManifest.xml:11:9-35
39
40    <permission
40-->[androidx.core:core:1.13.0] AndroidManifest.xml:22:5-24:47
41        android:name="com.example.agitha.DYNAMIC_RECEIVER_NOT_EXPORTED_PERMISSION"
41-->[androidx.core:core:1.13.0] AndroidManifest.xml:23:9-81
42        android:protectionLevel="signature" />
42-->[androidx.core:core:1.13.0] AndroidManifest.xml:24:9-44
43
44    <uses-permission android:name="com.example.agitha.DYNAMIC_RECEIVER_NOT_EXPORTED_PERMISSION" />
44-->[androidx.core:core:1.13.0] AndroidManifest.xml:26:5-97
44-->[androidx.core:core:1.13.0] AndroidManifest.xml:26:22-94
45
46    <application
47        android:name="android.app.Application"
48        android:appComponentFactory="androidx.core.app.CoreComponentFactory"
48-->[androidx.core:core:1.13.0] AndroidManifest.xml:28:18-86
49        android:debuggable="true"
50        android:icon="@mipmap/ic_launcher"
51        android:label="agitha" >
52        <activity
53            android:name="com.example.agitha.MainActivity"
54            android:configChanges="orientation|keyboardHidden|keyboard|screenSize|smallestScreenSize|locale|layoutDirection|fontScale|screenLayout|density|uiMode"
55            android:exported="true"
56            android:hardwareAccelerated="true"
57            android:launchMode="singleTop"
58            android:theme="@style/LaunchTheme"
59            android:windowSoftInputMode="adjustResize" >
60
61            <!--
62                 Specifies an Android theme to apply to this Activity as soon as
63                 the Android process has started. This theme is visible to the user
64                 while the Flutter UI initializes. After that, this theme continues
65                 to determine the Window background behind the Flutter UI.
66            -->
67            <meta-data
68                android:name="io.flutter.embedding.android.NormalTheme"
69                android:resource="@style/NormalTheme" />
70
71            <intent-filter>
72                <action android:name="android.intent.action.MAIN" />
73
74                <category android:name="android.intent.category.LAUNCHER" />
75            </intent-filter>
76        </activity>
77        <!--
78             Don't delete the meta-data below.
79             This is used by the Flutter tool to generate GeneratedPluginRegistrant.java
80        -->
81        <meta-data
82            android:name="flutterEmbedding"
83            android:value="2" />
84
85        <service
85-->[:geolocator_android] AndroidManifest.xml:10:9-14:56
86            android:name="com.baseflow.geolocator.GeolocatorLocationService"
86-->[:geolocator_android] AndroidManifest.xml:11:13-77
87            android:enabled="true"
87-->[:geolocator_android] AndroidManifest.xml:12:13-35
88            android:exported="false"
88-->[:geolocator_android] AndroidManifest.xml:13:13-37
89            android:foregroundServiceType="location" />
89-->[:geolocator_android] AndroidManifest.xml:14:13-53
90
91        <provider
91-->[:image_picker_android] AndroidManifest.xml:11:9-19:20
92            android:name="io.flutter.plugins.imagepicker.ImagePickerFileProvider"
92-->[:image_picker_android] AndroidManifest.xml:12:13-82
93            android:authorities="com.example.agitha.flutter.image_provider"
93-->[:image_picker_android] AndroidManifest.xml:13:13-74
94            android:exported="false"
94-->[:image_picker_android] AndroidManifest.xml:14:13-37
95            android:grantUriPermissions="true" >
95-->[:image_picker_android] AndroidManifest.xml:15:13-47
96            <meta-data
96-->[:image_picker_android] AndroidManifest.xml:16:13-18:75
97                android:name="android.support.FILE_PROVIDER_PATHS"
97-->[:image_picker_android] AndroidManifest.xml:17:17-67
98                android:resource="@xml/flutter_image_picker_file_paths" />
98-->[:image_picker_android] AndroidManifest.xml:18:17-72
99        </provider> <!-- Trigger Google Play services to install the backported photo picker module. -->
100        <service
100-->[:image_picker_android] AndroidManifest.xml:21:9-33:19
101            android:name="com.google.android.gms.metadata.ModuleDependencies"
101-->[:image_picker_android] AndroidManifest.xml:22:13-78
102            android:enabled="false"
102-->[:image_picker_android] AndroidManifest.xml:23:13-36
103            android:exported="false" >
103-->[:image_picker_android] AndroidManifest.xml:24:13-37
104            <intent-filter>
104-->[:image_picker_android] AndroidManifest.xml:26:13-28:29
105                <action android:name="com.google.android.gms.metadata.MODULE_DEPENDENCIES" />
105-->[:image_picker_android] AndroidManifest.xml:27:17-94
105-->[:image_picker_android] AndroidManifest.xml:27:25-91
106            </intent-filter>
107
108            <meta-data
108-->[:image_picker_android] AndroidManifest.xml:30:13-32:36
109                android:name="photopicker_activity:0:required"
109-->[:image_picker_android] AndroidManifest.xml:31:17-63
110                android:value="" />
110-->[:image_picker_android] AndroidManifest.xml:32:17-33
111        </service>
112        <!--
113           Declares a provider which allows us to store files to share in
114           '.../caches/share_plus' and grant the receiving action access
115        -->
116        <provider
116-->[:share_plus] AndroidManifest.xml:15:9-23:20
117            android:name="dev.fluttercommunity.plus.share.ShareFileProvider"
117-->[:share_plus] AndroidManifest.xml:16:13-77
118            android:authorities="com.example.agitha.flutter.share_provider"
118-->[:share_plus] AndroidManifest.xml:17:13-74
119            android:exported="false"
119-->[:share_plus] AndroidManifest.xml:18:13-37
120            android:grantUriPermissions="true" >
120-->[:share_plus] AndroidManifest.xml:19:13-47
121            <meta-data
121-->[:image_picker_android] AndroidManifest.xml:16:13-18:75
122                android:name="android.support.FILE_PROVIDER_PATHS"
122-->[:image_picker_android] AndroidManifest.xml:17:17-67
123                android:resource="@xml/flutter_share_file_paths" />
123-->[:image_picker_android] AndroidManifest.xml:18:17-72
124        </provider>
125        <!--
126           This manifest declared broadcast receiver allows us to use an explicit
127           Intent when creating a PendingItent to be informed of the user's choice
128        -->
129        <receiver
129-->[:share_plus] AndroidManifest.xml:28:9-34:20
130            android:name="dev.fluttercommunity.plus.share.SharePlusPendingIntent"
130-->[:share_plus] AndroidManifest.xml:29:13-82
131            android:exported="false" >
131-->[:share_plus] AndroidManifest.xml:30:13-37
132            <intent-filter>
132-->[:share_plus] AndroidManifest.xml:31:13-33:29
133                <action android:name="EXTRA_CHOSEN_COMPONENT" />
133-->[:share_plus] AndroidManifest.xml:32:17-65
133-->[:share_plus] AndroidManifest.xml:32:25-62
134            </intent-filter>
135        </receiver>
136
137        <activity
137-->[:url_launcher_android] AndroidManifest.xml:10:9-13:74
138            android:name="io.flutter.plugins.urllauncher.WebViewActivity"
138-->[:url_launcher_android] AndroidManifest.xml:11:13-74
139            android:exported="false"
139-->[:url_launcher_android] AndroidManifest.xml:12:13-37
140            android:theme="@android:style/Theme.NoTitleBar.Fullscreen" />
140-->[:url_launcher_android] AndroidManifest.xml:13:13-71
141
142        <uses-library
142-->[androidx.window:window:1.0.0-beta04] AndroidManifest.xml:25:9-27:40
143            android:name="androidx.window.extensions"
143-->[androidx.window:window:1.0.0-beta04] AndroidManifest.xml:26:13-54
144            android:required="false" />
144-->[androidx.window:window:1.0.0-beta04] AndroidManifest.xml:27:13-37
145        <uses-library
145-->[androidx.window:window:1.0.0-beta04] AndroidManifest.xml:28:9-30:40
146            android:name="androidx.window.sidecar"
146-->[androidx.window:window:1.0.0-beta04] AndroidManifest.xml:29:13-51
147            android:required="false" />
147-->[androidx.window:window:1.0.0-beta04] AndroidManifest.xml:30:13-37
148
149        <activity
149-->[com.google.android.gms:play-services-base:18.3.0] AndroidManifest.xml:20:9-22:45
150            android:name="com.google.android.gms.common.api.GoogleApiActivity"
150-->[com.google.android.gms:play-services-base:18.3.0] AndroidManifest.xml:20:19-85
151            android:exported="false"
151-->[com.google.android.gms:play-services-base:18.3.0] AndroidManifest.xml:22:19-43
152            android:theme="@android:style/Theme.Translucent.NoTitleBar" />
152-->[com.google.android.gms:play-services-base:18.3.0] AndroidManifest.xml:21:19-78
153
154        <meta-data
154-->[com.google.android.gms:play-services-basement:18.3.0] AndroidManifest.xml:21:9-23:69
155            android:name="com.google.android.gms.version"
155-->[com.google.android.gms:play-services-basement:18.3.0] AndroidManifest.xml:22:13-58
156            android:value="@integer/google_play_services_version" />
156-->[com.google.android.gms:play-services-basement:18.3.0] AndroidManifest.xml:23:13-66
157
158        <provider
158-->[androidx.profileinstaller:profileinstaller:1.3.0] AndroidManifest.xml:24:9-32:20
159            android:name="androidx.startup.InitializationProvider"
159-->[androidx.profileinstaller:profileinstaller:1.3.0] AndroidManifest.xml:25:13-67
160            android:authorities="com.example.agitha.androidx-startup"
160-->[androidx.profileinstaller:profileinstaller:1.3.0] AndroidManifest.xml:26:13-68
161            android:exported="false" >
161-->[androidx.profileinstaller:profileinstaller:1.3.0] AndroidManifest.xml:27:13-37
162            <meta-data
162-->[androidx.profileinstaller:profileinstaller:1.3.0] AndroidManifest.xml:29:13-31:52
163                android:name="androidx.profileinstaller.ProfileInstallerInitializer"
163-->[androidx.profileinstaller:profileinstaller:1.3.0] AndroidManifest.xml:30:17-85
164                android:value="androidx.startup" />
164-->[androidx.profileinstaller:profileinstaller:1.3.0] AndroidManifest.xml:31:17-49
165        </provider>
166
167        <receiver
167-->[androidx.profileinstaller:profileinstaller:1.3.0] AndroidManifest.xml:34:9-52:20
168            android:name="androidx.profileinstaller.ProfileInstallReceiver"
168-->[androidx.profileinstaller:profileinstaller:1.3.0] AndroidManifest.xml:35:13-76
169            android:directBootAware="false"
169-->[androidx.profileinstaller:profileinstaller:1.3.0] AndroidManifest.xml:36:13-44
170            android:enabled="true"
170-->[androidx.profileinstaller:profileinstaller:1.3.0] AndroidManifest.xml:37:13-35
171            android:exported="true"
171-->[androidx.profileinstaller:profileinstaller:1.3.0] AndroidManifest.xml:38:13-36
172            android:permission="android.permission.DUMP" >
172-->[androidx.profileinstaller:profileinstaller:1.3.0] AndroidManifest.xml:39:13-57
173            <intent-filter>
173-->[androidx.profileinstaller:profileinstaller:1.3.0] AndroidManifest.xml:40:13-42:29
174                <action android:name="androidx.profileinstaller.action.INSTALL_PROFILE" />
174-->[androidx.profileinstaller:profileinstaller:1.3.0] AndroidManifest.xml:41:17-91
174-->[androidx.profileinstaller:profileinstaller:1.3.0] AndroidManifest.xml:41:25-88
175            </intent-filter>
176            <intent-filter>
176-->[androidx.profileinstaller:profileinstaller:1.3.0] AndroidManifest.xml:43:13-45:29
177                <action android:name="androidx.profileinstaller.action.SKIP_FILE" />
177-->[androidx.profileinstaller:profileinstaller:1.3.0] AndroidManifest.xml:44:17-85
177-->[androidx.profileinstaller:profileinstaller:1.3.0] AndroidManifest.xml:44:25-82
178            </intent-filter>
179            <intent-filter>
179-->[androidx.profileinstaller:profileinstaller:1.3.0] AndroidManifest.xml:46:13-48:29
180                <action android:name="androidx.profileinstaller.action.SAVE_PROFILE" />
180-->[androidx.profileinstaller:profileinstaller:1.3.0] AndroidManifest.xml:47:17-88
180-->[androidx.profileinstaller:profileinstaller:1.3.0] AndroidManifest.xml:47:25-85
181            </intent-filter>
182            <intent-filter>
182-->[androidx.profileinstaller:profileinstaller:1.3.0] AndroidManifest.xml:49:13-51:29
183                <action android:name="androidx.profileinstaller.action.BENCHMARK_OPERATION" />
183-->[androidx.profileinstaller:profileinstaller:1.3.0] AndroidManifest.xml:50:17-95
183-->[androidx.profileinstaller:profileinstaller:1.3.0] AndroidManifest.xml:50:25-92
184            </intent-filter>
185        </receiver>
186    </application>
187
188</manifest>